ISim log file
Running: C:\Xilinx\ProyectosVarios\TP_SD2_NaveEspacial\tb_ModuloVGA_isim_beh.exe -intstyle ise -gui -tclbatch isim.cmd -wdb C:/Xilinx/ProyectosVarios/TP_SD2_NaveEspacial/tb_ModuloVGA_isim_beh.wdb 
ISim P.20131013 (signature 0x7708f090)
WARNING: A WEBPACK license was found.
WARNING: Please use Xilinx License Configuration Manager to check out a full ISim license.
WARNING: ISim will run in Lite mode. Please refer to the ISim documentation for more information on the differences between the Lite and the Full version.
This is a Lite version of ISim.
Time resolution is 1 ps
# onerror resume
# wave add /
# run 1000 ns
Simulator is doing circuit initialization process.
at 0 ps, Instance /tb_modulovga/uut/Inst_Codificador_memoria_video/ : Warning: NUMERIC_STD.TO_INTEGER: metavalue detected, returning 0
Finished circuit initialization process.
# restart
# run 1000ns
Simulator is doing circuit initialization process.
at 0 ps, Instance /tb_modulovga/uut/Inst_Codificador_memoria_video/ : Warning: NUMERIC_STD.TO_INTEGER: metavalue detected, returning 0
Finished circuit initialization process.
# restart
# run 3000ns
Simulator is doing circuit initialization process.
at 0 ps, Instance /tb_modulovga/uut/Inst_Codificador_memoria_video/ : Warning: NUMERIC_STD.TO_INTEGER: metavalue detected, returning 0
Finished circuit initialization process.
# restart
# run 1000ns
Simulator is doing circuit initialization process.
at 0 ps, Instance /tb_modulovga/uut/Inst_Codificador_memoria_video/ : Warning: NUMERIC_STD.TO_INTEGER: metavalue detected, returning 0
Finished circuit initialization process.
# restart
# run 1000n
Incorrect usage of command 'run'
Usage: run [ all | continue | <<time> [<unit>]> ]
for detailed help use 'help run'
# run 1000ns
Simulator is doing circuit initialization process.
at 0 ps, Instance /tb_modulovga/uut/Inst_Codificador_memoria_video/ : Warning: NUMERIC_STD.TO_INTEGER: metavalue detected, returning 0
Finished circuit initialization process.
# restart
# run 1000us
Simulator is doing circuit initialization process.
at 0 ps, Instance /tb_modulovga/uut/Inst_Codificador_memoria_video/ : Warning: NUMERIC_STD.TO_INTEGER: metavalue detected, returning 0
Finished circuit initialization process.
# restart
# run 700us
Simulator is doing circuit initialization process.
at 0 ps, Instance /tb_modulovga/uut/Inst_Codificador_memoria_video/ : Warning: NUMERIC_STD.TO_INTEGER: metavalue detected, returning 0
Finished circuit initialization process.
# restart
# run 1000us
Simulator is doing circuit initialization process.
at 0 ps, Instance /tb_modulovga/uut/Inst_Codificador_memoria_video/ : Warning: NUMERIC_STD.TO_INTEGER: metavalue detected, returning 0
Finished circuit initialization process.
